<?xml version="1.0" encoding="UTF-8"?>
<!-- Generated by org.testng.reporters.JUnitXMLReporter -->
<testsuite ignored="1" hostname="DESKTOP-NTMIS4T" failures="0" tests="2" name="Default test" time="0.041" errors="0" timestamp="2021-11-09T17:13:11 IST">
  <testcase classname="testng.test1" name="settings" time="0.007"/>
  <testcase classname="testng.test1" name="settings" time="0.001"/>
  <testcase classname="testng.test1" name="chat" time="0.0">
    <ignored/>
  </testcase> <!-- chat -->
</testsuite> <!-- Default test -->
