<?xml version="1.0" encoding="UTF-8"?>
<testng-results ignored="1" total="3" passed="2" failed="0" skipped="0">
  <reporter-output>
    <line>
      <![CDATA[sett]]>
    </line>
    <line>
      <![CDATA[sett]]>
    </line>
  </reporter-output>
  <suite started-at="2021-11-09T17:13:11 IST" name="Default suite" finished-at="2021-11-09T17:13:11 IST" duration-ms="41">
    <groups>
    </groups>
    <test started-at="2021-11-09T17:13:11 IST" name="Default test" finished-at="2021-11-09T17:13:11 IST" duration-ms="41">
      <class name="testng.test1">
        <test-method signature="settings()[pri:0, instance:testng.test1@53976f5c]" started-at="2021-11-09T17:13:11 IST" name="settings" finished-at="2021-11-09T17:13:11 IST" duration-ms="7" status="PASS">
          <reporter-output>
            <line>
              <![CDATA[sett]]>
            </line>
          </reporter-output>
        </test-method> <!-- settings -->
        <test-method signature="settings()[pri:0, instance:testng.test1@53976f5c]" started-at="2021-11-09T17:13:11 IST" name="settings" finished-at="2021-11-09T17:13:11 IST" duration-ms="1" status="PASS">
          <reporter-output>
            <line>
              <![CDATA[sett]]>
            </line>
          </reporter-output>
        </test-method> <!-- settings -->
      </class> <!-- testng.test1 -->
    </test> <!-- Default test -->
  </suite> <!-- Default suite -->
</testng-results>
